Compiled Timers: 
  libjit compiled in: 0.0015320777893066 seconds
  libgccjit compiled in: 0.039216995239258 seconds
  llvm compiled in: 0.0009920597076416 seconds
Add2 Function:
    long long add(long long a, long long b) {
        return a + b;
    }
    long long add100(long long a, long long b) {
        a = add(a, b)
        a = add(a, b)
        // 100 of these
        return a;
    }
    Compiler libjit: 
      add100(1, 2) = 201
      add100(2, 4) = 402
      add100(10, 10) = 1010
      add100(1, add100(0, 99)) = 990001
    Compiler libgccjit: 
      add100(1, 2) = 201
      add100(2, 4) = 402
      add100(10, 10) = 1010
      add100(1, add100(0, 99)) = 990001
    Compiler llvm: 
      add100(1, 2) = 201
      add100(2, 4) = 402
      add100(10, 10) = 1010
      add100(1, add100(0, 99)) = 990001


Benchmarked as:
  libjit executed in 0.31661486625671 seconds
  libgccjit executed in 0.33082818984985 seconds
  llvm executed in 0.26709699630737 seconds
  native php executed in 2.4245939254761 seconds

