Add Function:
    long long add(long long a, long long b) {
        return a + b;
    }
Time to Compile: 
    libjit: 0.000952 seconds
 libgccjit: 0.038853 seconds
      llvm: 0.000832 seconds
       php: 0.000283 seconds


Testing add:
  Compiler libjit
    add(1, 1) = 2
    add(1, 2) = 3
    add(99, 1) = 100
    add(add(1, 2), 3) = 6
  Compiler libgccjit
    add(1, 1) = 2
    add(1, 2) = 3
    add(99, 1) = 100
    add(add(1, 2), 3) = 6
  Compiler llvm
    add(1, 1) = 2
    add(1, 2) = 3
    add(99, 1) = 100
    add(add(1, 2), 3) = 6
  Compiler php
    add(1, 1) = 2
    add(1, 2) = 3
    add(99, 1) = 100
    add(add(1, 2), 3) = 6

Benchmarking
Done

Benchmark Results:
          libjit: 0.19674 seconds
       libgccjit: 0.16837 seconds
            llvm: 0.17368 seconds
             php: 0.20833 seconds
     php closure: 0.17697 seconds

