Compiled Timers: 
  libjit compiled in: 0.00025606155395508 seconds
  libgccjit compiled in: 0.024877071380615 seconds
  llvm compiled in: 0.00038290023803711 seconds
Add1or2 Function:
    long long add1or2(long long shouldAdd1, long long a) {
       if (shouldAdd > 0) {
            return a + 1;
       }
       return a + 2;
   }
    Compiler libjit: 
      add1or2(0, 1) = 3
      add1or2(0, 2) = 4
      add1or2(1, 99) = 100
      add1or2(1, add1or2(0, 99)) = 102
    Compiler libgccjit: 
      add1or2(0, 1) = 3
      add1or2(0, 2) = 4
      add1or2(1, 99) = 100
      add1or2(1, add1or2(0, 99)) = 102
    Compiler llvm: 
      add1or2(0, 1) = 3
      add1or2(0, 2) = 4
      add1or2(1, 99) = 100
      add1or2(1, add1or2(0, 99)) = 102


Benchmarked as:
  libjit executed in 0.13100409507751 seconds
  libgccjit executed in 0.12853598594666 seconds
  llvm executed in 0.12553381919861 seconds
  native php executed in 0.033846139907837 seconds

