Compiled Timers: 
  libjit compiled in: 0.00069093704223633 seconds
  libgccjit compiled in: 0.02694296836853 seconds
  llvm compiled in: 0.00070714950561523 seconds
Add2 Function:
    long long add(long long a, long long b) {
        return a + b;
    }
    long long add2(long long a, long long b) {
        return add(add(a, b), b);
    }
    Compiler libjit: 
      add2(1, 2) = 5
      add2(2, 4) = 10
      add2(10, 10) = 30
      add2(1, add2(0, 99)) = 397
    Compiler libgccjit: 
      add2(1, 2) = 5
      add2(2, 4) = 10
      add2(10, 10) = 30
      add2(1, add2(0, 99)) = 397
    Compiler llvm: 
      add2(1, 2) = 5
      add2(2, 4) = 10
      add2(10, 10) = 30
      add2(1, add2(0, 99)) = 397


Benchmarked as:
  libjit executed in 0.13103604316711 seconds
  libgccjit executed in 0.12648677825928 seconds
  llvm executed in 0.12576007843018 seconds
  native php executed in 0.08787202835083 seconds

