Test Function:
    int test(int a) {
        return abs(a);
    }
Time to Compile: 
 libgccjit: 0.030630 seconds
      llvm: 0.000716 seconds
       php: 0.000188 seconds


Testing test:
  Compiler libgccjit
    test(1) = 1
    test(-1) = 1
    test(10) = 10
    test(-10) = 10
  Compiler llvm
    test(1) = 1
    test(-1) = 1
    test(10) = 10
    test(-10) = 10
  Compiler php
    test(1) = 1
    test(-1) = 1
    test(10) = 10
    test(-10) = 10

Benchmarking
Done

Benchmark Results:
       libgccjit: 0.14208 seconds
            llvm: 0.14868 seconds
             php: 0.09192 seconds
     php closure: 0.04973 seconds

